<?xml version="1.0" encoding="UTF-8"?>
<!-- Generated by org.testng.reporters.JUnitXMLReporter -->
<testsuite ignored="0" hostname="DESKTOP-BGOVO6J" failures="0" tests="1" name="junit" time="5.449" errors="0" timestamp="07 Sep 2019 07:26:45 GMT">
  <testcase classname="org.mymavenproject.TestClass1" name="test1 on test1(org.mymavenproject.TestClass1)" time="0.038"/>
</testsuite> <!-- junit -->
