<?xml version="1.0" encoding="UTF-8"?>
<!-- Generated by org.testng.reporters.JUnitReportReporter -->
<testsuite hostname="DESKTOP-BGOVO6J" failures="0" tests="1" name="org.ele.loc.rediff.RediffTest" time="18.839" errors="0" timestamp="12 Oct 2019 07:46:33 GMT" skipped="0">
  <testcase classname="org.ele.loc.rediff.RediffTest" name="login" time="18.839"/>
</testsuite> <!-- org.ele.loc.rediff.RediffTest -->
