<?xml version="1.0" encoding="UTF-8"?>
<!-- Generated by org.testng.reporters.JUnitReportReporter -->
<testsuite hostname="DESKTOP-BGOVO6J" failures="0" tests="3" name="org.mymavenproject.TestScript" time="0.039" errors="0" timestamp="07 Sep 2019 06:57:11 GMT" skipped="0">
  <testcase classname="org.mymavenproject.TestScript" name="data" time="0.004"/>
  <testcase classname="org.mymavenproject.TestScript" name="data" time="0.027"/>
  <testcase classname="org.mymavenproject.TestScript" name="data" time="0.008"/>
</testsuite> <!-- org.mymavenproject.TestScript -->
