<?xml version="1.0" encoding="UTF-8"?>
<!-- Generated by org.testng.reporters.JUnitReportReporter -->
<testsuite hostname="DESKTOP-BGOVO6J" failures="0" tests="1" name="org.mymavenproject.TestNGSample2" time="0.040" errors="0" timestamp="07 Sep 2019 07:49:03 GMT" skipped="0">
  <testcase classname="org.mymavenproject.TestNGSample2" name="sam2" time="0.040"/>
</testsuite> <!-- org.mymavenproject.TestNGSample2 -->
