<?xml version="1.0" encoding="UTF-8"?>
<!-- Generated by org.testng.reporters.JUnitReportReporter -->
<testsuite hostname="DESKTOP-BGOVO6J" failures="0" tests="1" name="org.mymavenproject.TestClass1" time="0.010" errors="0" timestamp="13 Jul 2019 06:48:12 GMT" skipped="0">
  <testcase classname="org.mymavenproject.TestClass1" name="test1" time="0.010"/>
</testsuite> <!-- org.mymavenproject.TestClass1 -->
