<?xml version="1.0" encoding="UTF-8"?>
<!-- Generated by org.testng.reporters.JUnitReportReporter -->
<testsuite hostname="DESKTOP-BGOVO6J" failures="0" tests="4" name="org.mymavenproject.TestAnnotation" time="39.063" errors="0" timestamp="13 Jul 2019 06:48:12 GMT" skipped="1">
  <testcase classname="org.mymavenproject.TestAnnotation" name="sum" time="13.032"/>
  <testcase classname="org.mymavenproject.TestAnnotation" name="sub" time="13.020"/>
  <testcase classname="org.mymavenproject.TestAnnotation" name="div" time="0.000">
    <skipped/>
  </testcase> <!-- div -->
  <testcase classname="org.mymavenproject.TestAnnotation" name="mul" time="13.011"/>
</testsuite> <!-- org.mymavenproject.TestAnnotation -->
