<?xml version="1.0" encoding="UTF-8"?>
<!-- Generated by org.testng.reporters.JUnitReportReporter -->
<testsuite hostname="DESKTOP-BGOVO6J" failures="0" tests="1" name="org.gogle.login.loc.HiGogle" time="13.008" errors="0" timestamp="03 Nov 2019 05:23:10 GMT" skipped="0">
  <testcase classname="org.gogle.login.loc.HiGogle" name="login" time="13.008"/>
</testsuite> <!-- org.gogle.login.loc.HiGogle -->
