<?xml version="1.0" encoding="UTF-8"?>
<!-- Generated by org.testng.reporters.JUnitReportReporter -->
<testsuite hostname="DESKTOP-BGOVO6J" failures="0" tests="1" name="org.act.sample.ActClass" time="12.613" errors="0" timestamp="28 Sep 2019 05:01:34 GMT" skipped="0">
  <testcase classname="org.act.sample.ActClass" name="test" time="12.613"/>
</testsuite> <!-- org.act.sample.ActClass -->
